#
# There is insufficient memory for the Java Runtime Environment to continue.
# Native memory allocation (malloc) failed to allocate 885936 bytes for Chunk::new
# Possible reasons:
#   The system is out of physical RAM or swap space
#   The process is running with CompressedOops enabled, and the Java Heap may be blocking the growth of the native heap
# Possible solutions:
#   Reduce memory load on the system
#   Increase physical memory or swap space
#   Check if swap backing store is full
#   Decrease Java heap size (-Xmx/-Xms)
#   Decrease number of Java threads
#   Decrease Java thread stack sizes (-Xss)
#   Set larger code cache with -XX:ReservedCodeCacheSize=
#   JVM is running with Unscaled Compressed Oops mode in which the Java heap is
#     placed in the first 4GB address space. The Java Heap base address is the
#     maximum limit for the native heap growth. Please use -XX:HeapBaseMinAddress
#     to set the Java Heap base and to place the Java Heap above 4GB virtual address.
# This output file may be truncated or incomplete.
#
#  Out of Memory Error (./src/hotspot/share/memory/arena.cpp:197), pid=16272, tid=11940
#
# JRE version: OpenJDK Runtime Environment (11.0.13) (build 11.0.13+0-b1751.21-8125866)
# Java VM: OpenJDK 64-Bit Server VM (11.0.13+0-b1751.21-8125866, mixed mode, tiered, compressed oops, g1 gc, windows-amd64)
# No core dump will be written. Minidumps are not enabled by default on client versions of Windows
#

---------------  S U M M A R Y ------------

Command Line: --add-opens=java.base/java.util=ALL-UNNAMED --add-opens=java.base/java.lang=ALL-UNNAMED --add-opens=java.base/java.lang.invoke=ALL-UNNAMED --add-opens=java.prefs/java.util.prefs=ALL-UNNAMED --add-opens=java.base/java.nio.charset=ALL-UNNAMED --add-opens=java.base/java.net=ALL-UNNAMED --add-opens=java.base/java.util.concurrent.atomic=ALL-UNNAMED -Xmx2048m -Dfile.encoding=UTF-8 -Duser.country=CN -Duser.language=zh -Duser.variant org.gradle.launcher.daemon.bootstrap.GradleDaemon 7.6

Host: Intel(R) Core(TM) i7-8550U CPU @ 1.80GHz, 8 cores, 7G,  Windows 10 , 64 bit Build 19041 (10.0.19041.2546)
Time: Sun Mar 26 01:16:25 2023 中国标准时间 elapsed time: 6.272814 seconds (0d 0h 0m 6s)

---------------  T H R E A D  ---------------

Current thread (0x000001dd28e63000):  JavaThread "C2 CompilerThread0" daemon [_thread_in_native, id=11940, stack(0x00000022b5a00000,0x00000022b5b00000)]


Current CompileTask:
C2:   6272 5001       4       java.lang.String::split (324 bytes)

Stack: [0x00000022b5a00000,0x00000022b5b00000]
Native frames: (J=compiled Java code, j=interpreted, Vv=VM code, C=native code)
V  [jvm.dll+0x6100fa]
V  [jvm.dll+0x747090]
V  [jvm.dll+0x7486ad]
V  [jvm.dll+0x748d83]
V  [jvm.dll+0x24ab48]
V  [jvm.dll+0xc04dc]
V  [jvm.dll+0xc0a0c]
V  [jvm.dll+0x2bfab4]
V  [jvm.dll+0x524238]
V  [jvm.dll+0x20b193]
V  [jvm.dll+0x204ca0]
V  [jvm.dll+0x2023c2]
V  [jvm.dll+0x188e01]
V  [jvm.dll+0x21106b]
V  [jvm.dll+0x20f8c1]
V  [jvm.dll+0x70de0f]
V  [jvm.dll+0x706a75]
V  [jvm.dll+0x60ed66]
C  [ucrtbase.dll+0x21bb2]
C  [KERNEL32.DLL+0x17614]
C  [ntdll.dll+0x526a1]


---------------  P R O C E S S  ---------------

Threads class SMR info:
_java_thread_list=0x000001dd2b123220, length=38, elements={
0x000001dd0e0df800, 0x000001dd28574800, 0x000001dd2857f800, 0x000001dd28e5c800,
0x000001dd28e5d000, 0x000001dd28e60000, 0x000001dd28e63000, 0x000001dd28e65000,
0x000001dd28e68800, 0x000001dd28fd5000, 0x000001dd2b459000, 0x000001dd2ae50800,
0x000001dd290a2000, 0x000001dd2b1bb800, 0x000001dd2b0ca000, 0x000001dd2ac52800,
0x000001dd2ac3d800, 0x000001dd2ac3e800, 0x000001dd2ba87800, 0x000001dd2a1b3800,
0x000001dd2b4b6000, 0x000001dd29f24800, 0x000001dd2b153800, 0x000001dd2b156000,
0x000001dd2b156800, 0x000001dd2b152800, 0x000001dd2b157800, 0x000001dd2b158800,
0x000001dd2b154800, 0x000001dd2b159000, 0x000001dd2b155000, 0x000001dd2c131000,
0x000001dd2c134000, 0x000001dd2c12e800, 0x000001dd2c135000, 0x000001dd2c12f000,
0x000001dd29317000, 0x000001dd301bd800
}

Java Threads: ( => current thread )
  0x000001dd0e0df800 JavaThread "main" [_thread_blocked, id=16852, stack(0x00000022b4e00000,0x00000022b4f00000)]
  0x000001dd28574800 JavaThread "Reference Handler" daemon [_thread_blocked, id=18112, stack(0x00000022b5500000,0x00000022b5600000)]
  0x000001dd2857f800 JavaThread "Finalizer" daemon [_thread_blocked, id=6852, stack(0x00000022b5600000,0x00000022b5700000)]
  0x000001dd28e5c800 JavaThread "Signal Dispatcher" daemon [_thread_blocked, id=4744, stack(0x00000022b5700000,0x00000022b5800000)]
  0x000001dd28e5d000 JavaThread "Attach Listener" daemon [_thread_blocked, id=17912, stack(0x00000022b5800000,0x00000022b5900000)]
  0x000001dd28e60000 JavaThread "Service Thread" daemon [_thread_blocked, id=6488, stack(0x00000022b5900000,0x00000022b5a00000)]
=>0x000001dd28e63000 JavaThread "C2 CompilerThread0" daemon [_thread_in_native, id=11940, stack(0x00000022b5a00000,0x00000022b5b00000)]
  0x000001dd28e65000 JavaThread "C1 CompilerThread0" daemon [_thread_blocked, id=16404, stack(0x00000022b5b00000,0x00000022b5c00000)]
  0x000001dd28e68800 JavaThread "Sweeper thread" daemon [_thread_blocked, id=1824, stack(0x00000022b5c00000,0x00000022b5d00000)]
  0x000001dd28fd5000 JavaThread "Common-Cleaner" daemon [_thread_blocked, id=5488, stack(0x00000022b5d00000,0x00000022b5e00000)]
  0x000001dd2b459000 JavaThread "Daemon health stats" [_thread_blocked, id=20368, stack(0x00000022b6300000,0x00000022b6400000)]
  0x000001dd2ae50800 JavaThread "Incoming local TCP Connector on port 1478" [_thread_in_native, id=14308, stack(0x00000022b5f00000,0x00000022b6000000)]
  0x000001dd290a2000 JavaThread "Daemon periodic checks" [_thread_blocked, id=9588, stack(0x00000022b6000000,0x00000022b6100000)]
  0x000001dd2b1bb800 JavaThread "Daemon" [_thread_blocked, id=17820, stack(0x00000022b6400000,0x00000022b6500000)]
  0x000001dd2b0ca000 JavaThread "Handler for socket connection from /127.0.0.1:1478 to /127.0.0.1:1479" [_thread_in_native, id=8304, stack(0x00000022b6500000,0x00000022b6600000)]
  0x000001dd2ac52800 JavaThread "Cancel handler" [_thread_blocked, id=12720, stack(0x00000022b6600000,0x00000022b6700000)]
  0x000001dd2ac3d800 JavaThread "Daemon worker" [_thread_in_native, id=6492, stack(0x00000022b6700000,0x00000022b6800000)]
  0x000001dd2ac3e800 JavaThread "Asynchronous log dispatcher for DefaultDaemonConnection: socket connection from /127.0.0.1:1478 to /127.0.0.1:1479" [_thread_blocked, id=3580, stack(0x00000022b6800000,0x00000022b6900000)]
  0x000001dd2ba87800 JavaThread "Stdin handler" [_thread_blocked, id=32, stack(0x00000022b6900000,0x00000022b6a00000)]
  0x000001dd2a1b3800 JavaThread "Daemon client event forwarder" [_thread_blocked, id=6644, stack(0x00000022b6a00000,0x00000022b6b00000)]
  0x000001dd2b4b6000 JavaThread "Cache worker for journal cache (C:\Users\free\.gradle\caches\journal-1)" [_thread_blocked, id=272, stack(0x00000022b7100000,0x00000022b7200000)]
  0x000001dd29f24800 JavaThread "File lock request listener" [_thread_in_native, id=10180, stack(0x00000022b7200000,0x00000022b7300000)]
  0x000001dd2b153800 JavaThread "Cache worker for file hash cache (C:\Users\free\.gradle\caches\7.6\fileHashes)" [_thread_blocked, id=15500, stack(0x00000022b7400000,0x00000022b7500000)]
  0x000001dd2b156000 JavaThread "File watcher server" daemon [_thread_in_native, id=5092, stack(0x00000022b7600000,0x00000022b7700000)]
  0x000001dd2b156800 JavaThread "File watcher consumer" daemon [_thread_blocked, id=17768, stack(0x00000022b7700000,0x00000022b7800000)]
  0x000001dd2b152800 JavaThread "Cache worker for checksums cache (D:\Src\Android\Projects\SimpleForums\.gradle\7.6\checksums)" [_thread_blocked, id=5312, stack(0x00000022b7800000,0x00000022b7900000)]
  0x000001dd2b157800 JavaThread "Cache worker for cache directory md-rule (C:\Users\free\.gradle\caches\7.6\md-rule)" [_thread_blocked, id=19536, stack(0x00000022b7900000,0x00000022b7a00000)]
  0x000001dd2b158800 JavaThread "Cache worker for file content cache (C:\Users\free\.gradle\caches\7.6\fileContent)" [_thread_blocked, id=9560, stack(0x00000022b7a00000,0x00000022b7b00000)]
  0x000001dd2b154800 JavaThread "Cache worker for file hash cache (D:\Src\Android\Projects\SimpleForums\.gradle\7.6\fileHashes)" [_thread_blocked, id=2548, stack(0x00000022b7b00000,0x00000022b7c00000)]
  0x000001dd2b159000 JavaThread "Cache worker for cache directory md-supplier (C:\Users\free\.gradle\caches\7.6\md-supplier)" [_thread_blocked, id=14124, stack(0x00000022b7c00000,0x00000022b7d00000)]
  0x000001dd2b155000 JavaThread "Cache worker for execution history cache (C:\Users\free\.gradle\caches\7.6\executionHistory)" [_thread_blocked, id=10864, stack(0x00000022b7d00000,0x00000022b7e00000)]
  0x000001dd2c131000 JavaThread "jar transforms" [_thread_blocked, id=15712, stack(0x00000022b7e00000,0x00000022b7f00000)]
  0x000001dd2c134000 JavaThread "jar transforms Thread 2" [_thread_blocked, id=15152, stack(0x00000022b7f00000,0x00000022b8000000)]
  0x000001dd2c12e800 JavaThread "Cache worker for dependencies-accessors (D:\Src\Android\Projects\SimpleForums\.gradle\7.6\dependencies-accessors)" [_thread_blocked, id=1596, stack(0x00000022b8000000,0x00000022b8100000)]
  0x000001dd2c135000 JavaThread "jar transforms Thread 3" [_thread_blocked, id=11912, stack(0x00000022b8100000,0x00000022b8200000)]
  0x000001dd2c12f000 JavaThread "Cache worker for Build Output Cleanup Cache (D:\Src\Android\Projects\SimpleForums\.gradle\buildOutputCleanup)" [_thread_blocked, id=6076, stack(0x00000022b8200000,0x00000022b8300000)]
  0x000001dd29317000 JavaThread "C2 CompilerThread1" daemon [_thread_in_native, id=19384, stack(0x00000022b6b00000,0x00000022b6c00000)]
  0x000001dd301bd800 JavaThread "C2 CompilerThread2" daemon [_thread_blocked, id=16104, stack(0x00000022b7500000,0x00000022b7600000)]

Other Threads:
  0x000001dd28572800 VMThread "VM Thread" [stack: 0x00000022b5400000,0x00000022b5500000] [id=15872]
  0x000001dd28ff3000 WatcherThread [stack: 0x00000022b5e00000,0x00000022b5f00000] [id=10708]
  0x000001dd0e0f7000 GCTaskThread "GC Thread#0" [stack: 0x00000022b4f00000,0x00000022b5000000] [id=1368]
  0x000001dd29ea7000 GCTaskThread "GC Thread#1" [stack: 0x00000022b6100000,0x00000022b6200000] [id=5532]
  0x000001dd29e47800 GCTaskThread "GC Thread#2" [stack: 0x00000022b6200000,0x00000022b6300000] [id=9532]
  0x000001dd298f7000 GCTaskThread "GC Thread#3" [stack: 0x00000022b6c00000,0x00000022b6d00000] [id=12564]
  0x000001dd2a795800 GCTaskThread "GC Thread#4" [stack: 0x00000022b6d00000,0x00000022b6e00000] [id=14180]
  0x000001dd2b471000 GCTaskThread "GC Thread#5" [stack: 0x00000022b6e00000,0x00000022b6f00000] [id=4872]
  0x000001dd2b409800 GCTaskThread "GC Thread#6" [stack: 0x00000022b6f00000,0x00000022b7000000] [id=16376]
  0x000001dd2b361800 GCTaskThread "GC Thread#7" [stack: 0x00000022b7000000,0x00000022b7100000] [id=6196]
  0x000001dd0e129000 ConcurrentGCThread "G1 Main Marker" [stack: 0x00000022b5000000,0x00000022b5100000] [id=11116]
  0x000001dd0e12c800 ConcurrentGCThread "G1 Conc#0" [stack: 0x00000022b5100000,0x00000022b5200000] [id=4488]
  0x000001dd2bfd6800 ConcurrentGCThread "G1 Conc#1" [stack: 0x00000022b7300000,0x00000022b7400000] [id=10540]
  0x000001dd283c2800 ConcurrentGCThread "G1 Refine#0" [stack: 0x00000022b5200000,0x00000022b5300000] [id=2092]
  0x000001dd283c3000 ConcurrentGCThread "G1 Young RemSet Sampling" [stack: 0x00000022b5300000,0x00000022b5400000] [id=11608]

Threads with active compile tasks:
C2 CompilerThread0   6299 5001       4       java.lang.String::split (324 bytes)
C2 CompilerThread1   6299 5008       4       java.util.regex.Pattern::split (290 bytes)

VM state:not at safepoint (normal execution)

VM Mutex/Monitor currently owned by a thread: None

Heap address: 0x0000000080000000, size: 2048 MB, Compressed Oops mode: 32-bit
Narrow klass base: 0x0000000000000000, Narrow klass shift: 3
Compressed class space size: 1073741824 Address: 0x0000000100000000

Heap:
 garbage-first heap   total 157696K, used 98946K [0x0000000080000000, 0x0000000100000000)
  region size 1024K, 71 young (72704K), 4 survivors (4096K)
 Metaspace       used 54632K, capacity 56039K, committed 56220K, reserved 1097728K
  class space    used 6960K, capacity 7482K, committed 7500K, reserved 1048576K
Heap Regions: E=young(eden), S=young(survivor), O=old, HS=humongous(starts), HC=humongous(continues), CS=collection set, F=free, A=archive, TAMS=top-at-mark-start (previous, next)
|   0|0x0000000080000000, 0x0000000080100000, 0x0000000080100000|100%|HS|  |TAMS 0x0000000080100000, 0x0000000080000000| Complete 
|   1|0x0000000080100000, 0x0000000080200000, 0x0000000080200000|100%|HC|  |TAMS 0x0000000080200000, 0x0000000080100000| Complete 
|   2|0x0000000080200000, 0x0000000080300000, 0x0000000080300000|100%|HC|  |TAMS 0x0000000080300000, 0x0000000080200000| Complete 
|   3|0x0000000080300000, 0x0000000080400000, 0x0000000080400000|100%| O|  |TAMS 0x0000000080400000, 0x0000000080300000| Untracked 
|   4|0x0000000080400000, 0x0000000080500000, 0x0000000080500000|100%| O|  |TAMS 0x0000000080500000, 0x0000000080400000| Untracked 
|   5|0x0000000080500000, 0x0000000080600000, 0x0000000080600000|100%| O|  |TAMS 0x0000000080600000, 0x0000000080500000| Untracked 
|   6|0x0000000080600000, 0x0000000080700000, 0x0000000080700000|100%| O|  |TAMS 0x0000000080700000, 0x0000000080600000| Untracked 
|   7|0x0000000080700000, 0x0000000080800000, 0x0000000080800000|100%| O|  |TAMS 0x0000000080800000, 0x0000000080700000| Untracked 
|   8|0x0000000080800000, 0x0000000080900000, 0x0000000080900000|100%| O|  |TAMS 0x0000000080900000, 0x0000000080800000| Untracked 
|   9|0x0000000080900000, 0x0000000080a00000, 0x0000000080a00000|100%| O|  |TAMS 0x0000000080a00000, 0x0000000080900000| Untracked 
|  10|0x0000000080a00000, 0x0000000080b00000, 0x0000000080b00000|100%| O|  |TAMS 0x0000000080b00000, 0x0000000080a00000| Untracked 
|  11|0x0000000080b00000, 0x0000000080c00000, 0x0000000080c00000|100%| O|  |TAMS 0x0000000080c00000, 0x0000000080b00000| Untracked 
|  12|0x0000000080c00000, 0x0000000080d00000, 0x0000000080d00000|100%| O|  |TAMS 0x0000000080d00000, 0x0000000080c00000| Untracked 
|  13|0x0000000080d00000, 0x0000000080e00000, 0x0000000080e00000|100%| O|  |TAMS 0x0000000080e00000, 0x0000000080d00000| Untracked 
|  14|0x0000000080e00000, 0x0000000080f00000, 0x0000000080f00000|100%| O|  |TAMS 0x0000000080f00000, 0x0000000080e00000| Untracked 
|  15|0x0000000080f00000, 0x0000000081000000, 0x0000000081000000|100%| O|  |TAMS 0x0000000080fe1600, 0x0000000080f00000| Untracked 
|  16|0x0000000081000000, 0x0000000081000000, 0x0000000081100000|  0%| F|  |TAMS 0x0000000081000000, 0x0000000081000000| Untracked 
|  17|0x0000000081100000, 0x0000000081200000, 0x0000000081200000|100%| O|  |TAMS 0x0000000081100000, 0x0000000081100000| Untracked 
|  18|0x0000000081200000, 0x0000000081300000, 0x0000000081300000|100%| O|  |TAMS 0x0000000081200000, 0x0000000081200000| Untracked 
|  19|0x0000000081300000, 0x0000000081400000, 0x0000000081400000|100%| O|  |TAMS 0x0000000081300000, 0x0000000081300000| Untracked 
|  20|0x0000000081400000, 0x0000000081500000, 0x0000000081500000|100%| O|  |TAMS 0x0000000081400000, 0x0000000081400000| Untracked 
|  21|0x0000000081500000, 0x0000000081600000, 0x0000000081600000|100%| O|  |TAMS 0x0000000081500000, 0x0000000081500000| Untracked 
|  22|0x0000000081600000, 0x0000000081700000, 0x0000000081700000|100%| O|  |TAMS 0x0000000081600000, 0x0000000081600000| Untracked 
|  23|0x0000000081700000, 0x0000000081800000, 0x0000000081800000|100%| O|  |TAMS 0x0000000081700000, 0x0000000081700000| Untracked 
|  24|0x0000000081800000, 0x0000000081900000, 0x0000000081900000|100%| O|  |TAMS 0x0000000081800000, 0x0000000081800000| Untracked 
|  25|0x0000000081900000, 0x0000000081a00000, 0x0000000081a00000|100%| O|  |TAMS 0x0000000081900000, 0x0000000081900000| Untracked 
|  26|0x0000000081a00000, 0x0000000081b00000, 0x0000000081b00000|100%| O|  |TAMS 0x0000000081a00000, 0x0000000081a00000| Untracked 
|  27|0x0000000081b00000, 0x0000000081c00000, 0x0000000081c00000|100%| O|  |TAMS 0x0000000081b00000, 0x0000000081b00000| Untracked 
|  28|0x0000000081c00000, 0x0000000081c75600, 0x0000000081d00000| 45%| O|  |TAMS 0x0000000081c00000, 0x0000000081c00000| Untracked 
|  29|0x0000000081d00000, 0x0000000081d00000, 0x0000000081e00000|  0%| F|  |TAMS 0x0000000081d00000, 0x0000000081d00000| Untracked 
|  30|0x0000000081e00000, 0x0000000081e00000, 0x0000000081f00000|  0%| F|  |TAMS 0x0000000081e00000, 0x0000000081e00000| Untracked 
|  31|0x0000000081f00000, 0x0000000081f00000, 0x0000000082000000|  0%| F|  |TAMS 0x0000000081f00000, 0x0000000081f00000| Untracked 
|  32|0x0000000082000000, 0x0000000082000000, 0x0000000082100000|  0%| F|  |TAMS 0x0000000082000000, 0x0000000082000000| Untracked 
|  33|0x0000000082100000, 0x0000000082100000, 0x0000000082200000|  0%| F|  |TAMS 0x0000000082100000, 0x0000000082100000| Untracked 
|  34|0x0000000082200000, 0x0000000082200000, 0x0000000082300000|  0%| F|  |TAMS 0x0000000082200000, 0x0000000082200000| Untracked 
|  35|0x0000000082300000, 0x0000000082300000, 0x0000000082400000|  0%| F|  |TAMS 0x0000000082300000, 0x0000000082300000| Untracked 
|  36|0x0000000082400000, 0x0000000082400000, 0x0000000082500000|  0%| F|  |TAMS 0x0000000082400000, 0x0000000082400000| Untracked 
|  37|0x0000000082500000, 0x0000000082500000, 0x0000000082600000|  0%| F|  |TAMS 0x0000000082500000, 0x0000000082500000| Untracked 
|  38|0x0000000082600000, 0x0000000082600000, 0x0000000082700000|  0%| F|  |TAMS 0x0000000082600000, 0x0000000082600000| Untracked 
|  39|0x0000000082700000, 0x0000000082700000, 0x0000000082800000|  0%| F|  |TAMS 0x0000000082700000, 0x0000000082700000| Untracked 
|  40|0x0000000082800000, 0x0000000082800000, 0x0000000082900000|  0%| F|  |TAMS 0x0000000082800000, 0x0000000082800000| Untracked 
|  41|0x0000000082900000, 0x0000000082900000, 0x0000000082a00000|  0%| F|  |TAMS 0x0000000082900000, 0x0000000082900000| Untracked 
|  42|0x0000000082a00000, 0x0000000082a00000, 0x0000000082b00000|  0%| F|  |TAMS 0x0000000082a00000, 0x0000000082a00000| Untracked 
|  43|0x0000000082b00000, 0x0000000082b00000, 0x0000000082c00000|  0%| F|  |TAMS 0x0000000082b00000, 0x0000000082b00000| Untracked 
|  44|0x0000000082c00000, 0x0000000082c00000, 0x0000000082d00000|  0%| F|  |TAMS 0x0000000082c00000, 0x0000000082c00000| Untracked 
|  45|0x0000000082d00000, 0x0000000082d00000, 0x0000000082e00000|  0%| F|  |TAMS 0x0000000082d00000, 0x0000000082d00000| Untracked 
|  46|0x0000000082e00000, 0x0000000082e00000, 0x0000000082f00000|  0%| F|  |TAMS 0x0000000082e00000, 0x0000000082e00000| Untracked 
|  47|0x0000000082f00000, 0x0000000082f00000, 0x0000000083000000|  0%| F|  |TAMS 0x0000000082f00000, 0x0000000082f00000| Untracked 
|  48|0x0000000083000000, 0x0000000083000000, 0x0000000083100000|  0%| F|  |TAMS 0x0000000083000000, 0x0000000083000000| Untracked 
|  49|0x0000000083100000, 0x0000000083100000, 0x0000000083200000|  0%| F|  |TAMS 0x0000000083100000, 0x0000000083100000| Untracked 
|  50|0x0000000083200000, 0x0000000083200000, 0x0000000083300000|  0%| F|  |TAMS 0x0000000083200000, 0x0000000083200000| Untracked 
|  51|0x0000000083300000, 0x0000000083300000, 0x0000000083400000|  0%| F|  |TAMS 0x0000000083300000, 0x0000000083300000| Untracked 
|  52|0x0000000083400000, 0x0000000083400000, 0x0000000083500000|  0%| F|  |TAMS 0x0000000083400000, 0x0000000083400000| Untracked 
|  53|0x0000000083500000, 0x0000000083500000, 0x0000000083600000|  0%| F|  |TAMS 0x0000000083500000, 0x0000000083500000| Untracked 
|  54|0x0000000083600000, 0x0000000083600000, 0x0000000083700000|  0%| F|  |TAMS 0x0000000083600000, 0x0000000083600000| Untracked 
|  55|0x0000000083700000, 0x0000000083700000, 0x0000000083800000|  0%| F|  |TAMS 0x0000000083700000, 0x0000000083700000| Untracked 
|  56|0x0000000083800000, 0x0000000083800000, 0x0000000083900000|  0%| F|  |TAMS 0x0000000083800000, 0x0000000083800000| Untracked 
|  57|0x0000000083900000, 0x0000000083900000, 0x0000000083a00000|  0%| F|  |TAMS 0x0000000083900000, 0x0000000083900000| Untracked 
|  58|0x0000000083a00000, 0x0000000083a00000, 0x0000000083b00000|  0%| F|  |TAMS 0x0000000083a00000, 0x0000000083a00000| Untracked 
|  59|0x0000000083b00000, 0x0000000083b00000, 0x0000000083c00000|  0%| F|  |TAMS 0x0000000083b00000, 0x0000000083b00000| Untracked 
|  60|0x0000000083c00000, 0x0000000083c00000, 0x0000000083d00000|  0%| F|  |TAMS 0x0000000083c00000, 0x0000000083c00000| Untracked 
|  61|0x0000000083d00000, 0x0000000083d00000, 0x0000000083e00000|  0%| F|  |TAMS 0x0000000083d00000, 0x0000000083d00000| Untracked 
|  62|0x0000000083e00000, 0x0000000083e2b440, 0x0000000083f00000| 16%| S|CS|TAMS 0x0000000083e00000, 0x0000000083e00000| Complete 
|  63|0x0000000083f00000, 0x0000000084000000, 0x0000000084000000|100%| S|CS|TAMS 0x0000000083f00000, 0x0000000083f00000| Complete 
|  64|0x0000000084000000, 0x0000000084100000, 0x0000000084100000|100%| S|CS|TAMS 0x0000000084000000, 0x0000000084000000| Complete 
|  65|0x0000000084100000, 0x0000000084200000, 0x0000000084200000|100%| S|CS|TAMS 0x0000000084100000, 0x0000000084100000| Complete 
|  66|0x0000000084200000, 0x0000000084200000, 0x0000000084300000|  0%| F|  |TAMS 0x0000000084200000, 0x0000000084200000| Untracked 
|  67|0x0000000084300000, 0x0000000084300000, 0x0000000084400000|  0%| F|  |TAMS 0x0000000084300000, 0x0000000084300000| Untracked 
|  68|0x0000000084400000, 0x0000000084400000, 0x0000000084500000|  0%| F|  |TAMS 0x0000000084400000, 0x0000000084400000| Untracked 
|  69|0x0000000084500000, 0x0000000084500000, 0x0000000084600000|  0%| F|  |TAMS 0x0000000084500000, 0x0000000084500000| Untracked 
|  70|0x0000000084600000, 0x0000000084600000, 0x0000000084700000|  0%| F|  |TAMS 0x0000000084600000, 0x0000000084600000| Untracked 
|  71|0x0000000084700000, 0x0000000084700000, 0x0000000084800000|  0%| F|  |TAMS 0x0000000084700000, 0x0000000084700000| Untracked 
|  72|0x0000000084800000, 0x0000000084800000, 0x0000000084900000|  0%| F|  |TAMS 0x0000000084800000, 0x0000000084800000| Untracked 
|  73|0x0000000084900000, 0x0000000084900000, 0x0000000084a00000|  0%| F|  |TAMS 0x0000000084900000, 0x0000000084900000| Untracked 
|  74|0x0000000084a00000, 0x0000000084a00000, 0x0000000084b00000|  0%| F|  |TAMS 0x0000000084a00000, 0x0000000084a00000| Untracked 
|  75|0x0000000084b00000, 0x0000000084b00000, 0x0000000084c00000|  0%| F|  |TAMS 0x0000000084b00000, 0x0000000084b00000| Untracked 
|  76|0x0000000084c00000, 0x0000000084c00000, 0x0000000084d00000|  0%| F|  |TAMS 0x0000000084c00000, 0x0000000084c00000| Untracked 
|  77|0x0000000084d00000, 0x0000000084d00000, 0x0000000084e00000|  0%| F|  |TAMS 0x0000000084d00000, 0x0000000084d00000| Untracked 
|  78|0x0000000084e00000, 0x0000000084e00000, 0x0000000084f00000|  0%| F|  |TAMS 0x0000000084e00000, 0x0000000084e00000| Untracked 
|  79|0x0000000084f00000, 0x0000000084f00000, 0x0000000085000000|  0%| F|  |TAMS 0x0000000084f00000, 0x0000000084f00000| Untracked 
|  80|0x0000000085000000, 0x0000000085000000, 0x0000000085100000|  0%| F|  |TAMS 0x0000000085000000, 0x0000000085000000| Untracked 
|  81|0x0000000085100000, 0x0000000085100000, 0x0000000085200000|  0%| F|  |TAMS 0x0000000085100000, 0x0000000085100000| Untracked 
|  82|0x0000000085200000, 0x0000000085200000, 0x0000000085300000|  0%| F|  |TAMS 0x0000000085200000, 0x0000000085200000| Untracked 
|  83|0x0000000085300000, 0x0000000085300000, 0x0000000085400000|  0%| F|  |TAMS 0x0000000085300000, 0x0000000085300000| Untracked 
|  84|0x0000000085400000, 0x0000000085400000, 0x0000000085500000|  0%| F|  |TAMS 0x0000000085400000, 0x0000000085400000| Untracked 
|  85|0x0000000085500000, 0x0000000085500000, 0x0000000085600000|  0%| F|  |TAMS 0x0000000085500000, 0x0000000085500000| Untracked 
|  86|0x0000000085600000, 0x0000000085600000, 0x0000000085700000|  0%| F|  |TAMS 0x0000000085600000, 0x0000000085600000| Untracked 
|  87|0x0000000085700000, 0x0000000085800000, 0x0000000085800000|100%| E|  |TAMS 0x0000000085700000, 0x0000000085700000| Complete 
|  88|0x0000000085800000, 0x0000000085900000, 0x0000000085900000|100%| E|CS|TAMS 0x0000000085800000, 0x0000000085800000| Complete 
|  89|0x0000000085900000, 0x0000000085a00000, 0x0000000085a00000|100%| E|CS|TAMS 0x0000000085900000, 0x0000000085900000| Complete 
|  90|0x0000000085a00000, 0x0000000085b00000, 0x0000000085b00000|100%| E|CS|TAMS 0x0000000085a00000, 0x0000000085a00000| Complete 
|  91|0x0000000085b00000, 0x0000000085c00000, 0x0000000085c00000|100%| E|CS|TAMS 0x0000000085b00000, 0x0000000085b00000| Complete 
|  92|0x0000000085c00000, 0x0000000085d00000, 0x0000000085d00000|100%| E|CS|TAMS 0x0000000085c00000, 0x0000000085c00000| Complete 
|  93|0x0000000085d00000, 0x0000000085e00000, 0x0000000085e00000|100%| E|CS|TAMS 0x0000000085d00000, 0x0000000085d00000| Complete 
|  94|0x0000000085e00000, 0x0000000085f00000, 0x0000000085f00000|100%| E|CS|TAMS 0x0000000085e00000, 0x0000000085e00000| Complete 
|  95|0x0000000085f00000, 0x0000000086000000, 0x0000000086000000|100%| E|CS|TAMS 0x0000000085f00000, 0x0000000085f00000| Complete 
|  96|0x0000000086000000, 0x0000000086100000, 0x0000000086100000|100%| E|CS|TAMS 0x0000000086000000, 0x0000000086000000| Complete 
|  97|0x0000000086100000, 0x0000000086200000, 0x0000000086200000|100%| E|CS|TAMS 0x0000000086100000, 0x0000000086100000| Complete 
|  98|0x0000000086200000, 0x0000000086300000, 0x0000000086300000|100%| E|CS|TAMS 0x0000000086200000, 0x0000000086200000| Complete 
|  99|0x0000000086300000, 0x0000000086400000, 0x0000000086400000|100%| E|CS|TAMS 0x0000000086300000, 0x0000000086300000| Complete 
| 100|0x0000000086400000, 0x0000000086500000, 0x0000000086500000|100%| E|CS|TAMS 0x0000000086400000, 0x0000000086400000| Complete 
| 101|0x0000000086500000, 0x0000000086600000, 0x0000000086600000|100%| E|CS|TAMS 0x0000000086500000, 0x0000000086500000| Complete 
| 102|0x0000000086600000, 0x0000000086700000, 0x0000000086700000|100%| E|CS|TAMS 0x0000000086600000, 0x0000000086600000| Complete 
| 103|0x0000000086700000, 0x0000000086800000, 0x0000000086800000|100%| E|CS|TAMS 0x0000000086700000, 0x0000000086700000| Complete 
| 104|0x0000000086800000, 0x0000000086900000, 0x0000000086900000|100%| E|CS|TAMS 0x0000000086800000, 0x0000000086800000| Complete 
| 105|0x0000000086900000, 0x0000000086a00000, 0x0000000086a00000|100%| E|CS|TAMS 0x0000000086900000, 0x0000000086900000| Complete 
| 106|0x0000000086a00000, 0x0000000086b00000, 0x0000000086b00000|100%| E|CS|TAMS 0x0000000086a00000, 0x0000000086a00000| Complete 
| 107|0x0000000086b00000, 0x0000000086c00000, 0x0000000086c00000|100%| E|CS|TAMS 0x0000000086b00000, 0x0000000086b00000| Complete 
| 108|0x0000000086c00000, 0x0000000086d00000, 0x0000000086d00000|100%| E|CS|TAMS 0x0000000086c00000, 0x0000000086c00000| Complete 
| 109|0x0000000086d00000, 0x0000000086e00000, 0x0000000086e00000|100%| E|CS|TAMS 0x0000000086d00000, 0x0000000086d00000| Complete 
| 110|0x0000000086e00000, 0x0000000086f00000, 0x0000000086f00000|100%| E|CS|TAMS 0x0000000086e00000, 0x0000000086e00000| Complete 
| 111|0x0000000086f00000, 0x0000000087000000, 0x0000000087000000|100%| E|CS|TAMS 0x0000000086f00000, 0x0000000086f00000| Complete 
| 112|0x0000000087000000, 0x0000000087100000, 0x0000000087100000|100%| E|CS|TAMS 0x0000000087000000, 0x0000000087000000| Complete 
| 113|0x0000000087100000, 0x0000000087200000, 0x0000000087200000|100%| E|CS|TAMS 0x0000000087100000, 0x0000000087100000| Complete 
| 114|0x0000000087200000, 0x0000000087300000, 0x0000000087300000|100%| E|CS|TAMS 0x0000000087200000, 0x0000000087200000| Complete 
| 115|0x0000000087300000, 0x0000000087400000, 0x0000000087400000|100%| E|CS|TAMS 0x0000000087300000, 0x0000000087300000| Complete 
| 116|0x0000000087400000, 0x0000000087500000, 0x0000000087500000|100%| E|CS|TAMS 0x0000000087400000, 0x0000000087400000| Complete 
| 117|0x0000000087500000, 0x0000000087600000, 0x0000000087600000|100%| E|CS|TAMS 0x0000000087500000, 0x0000000087500000| Complete 
| 118|0x0000000087600000, 0x0000000087700000, 0x0000000087700000|100%| E|CS|TAMS 0x0000000087600000, 0x0000000087600000| Complete 
| 119|0x0000000087700000, 0x0000000087800000, 0x0000000087800000|100%| E|CS|TAMS 0x0000000087700000, 0x0000000087700000| Complete 
| 120|0x0000000087800000, 0x0000000087900000, 0x0000000087900000|100%| E|CS|TAMS 0x0000000087800000, 0x0000000087800000| Complete 
| 121|0x0000000087900000, 0x0000000087a00000, 0x0000000087a00000|100%| E|CS|TAMS 0x0000000087900000, 0x0000000087900000| Complete 
| 122|0x0000000087a00000, 0x0000000087b00000, 0x0000000087b00000|100%| E|CS|TAMS 0x0000000087a00000, 0x0000000087a00000| Complete 
| 123|0x0000000087b00000, 0x0000000087c00000, 0x0000000087c00000|100%| E|CS|TAMS 0x0000000087b00000, 0x0000000087b00000| Complete 
| 124|0x0000000087c00000, 0x0000000087d00000, 0x0000000087d00000|100%| E|CS|TAMS 0x0000000087c00000, 0x0000000087c00000| Complete 
| 125|0x0000000087d00000, 0x0000000087e00000, 0x0000000087e00000|100%| E|CS|TAMS 0x0000000087d00000, 0x0000000087d00000| Complete 
| 126|0x0000000087e00000, 0x0000000087f00000, 0x0000000087f00000|100%| E|CS|TAMS 0x0000000087e00000, 0x0000000087e00000| Complete 
| 127|0x0000000087f00000, 0x0000000088000000, 0x0000000088000000|100%| E|CS|TAMS 0x0000000087f00000, 0x0000000087f00000| Complete 
| 128|0x0000000088000000, 0x0000000088100000, 0x0000000088100000|100%| E|CS|TAMS 0x0000000088000000, 0x0000000088000000| Complete 
| 129|0x0000000088100000, 0x0000000088200000, 0x0000000088200000|100%| E|CS|TAMS 0x0000000088100000, 0x0000000088100000| Complete 
| 130|0x0000000088200000, 0x0000000088300000, 0x0000000088300000|100%| E|CS|TAMS 0x0000000088200000, 0x0000000088200000| Complete 
| 131|0x0000000088300000, 0x0000000088400000, 0x0000000088400000|100%| E|CS|TAMS 0x0000000088300000, 0x0000000088300000| Complete 
| 132|0x0000000088400000, 0x0000000088500000, 0x0000000088500000|100%| E|CS|TAMS 0x0000000088400000, 0x0000000088400000| Complete 
| 133|0x0000000088500000, 0x0000000088600000, 0x0000000088600000|100%| E|CS|TAMS 0x0000000088500000, 0x0000000088500000| Complete 
| 134|0x0000000088600000, 0x0000000088700000, 0x0000000088700000|100%| E|CS|TAMS 0x0000000088600000, 0x0000000088600000| Complete 
| 135|0x0000000088700000, 0x0000000088800000, 0x0000000088800000|100%| E|CS|TAMS 0x0000000088700000, 0x0000000088700000| Complete 
| 136|0x0000000088800000, 0x0000000088900000, 0x0000000088900000|100%| E|CS|TAMS 0x0000000088800000, 0x0000000088800000| Complete 
| 137|0x0000000088900000, 0x0000000088a00000, 0x0000000088a00000|100%| E|CS|TAMS 0x0000000088900000, 0x0000000088900000| Complete 
| 138|0x0000000088a00000, 0x0000000088b00000, 0x0000000088b00000|100%| E|CS|TAMS 0x0000000088a00000, 0x0000000088a00000| Complete 
| 139|0x0000000088b00000, 0x0000000088c00000, 0x0000000088c00000|100%| E|CS|TAMS 0x0000000088b00000, 0x0000000088b00000| Complete 
| 140|0x0000000088c00000, 0x0000000088d00000, 0x0000000088d00000|100%| E|CS|TAMS 0x0000000088c00000, 0x0000000088c00000| Complete 
| 141|0x0000000088d00000, 0x0000000088e00000, 0x0000000088e00000|100%| E|CS|TAMS 0x0000000088d00000, 0x0000000088d00000| Complete 
| 142|0x0000000088e00000, 0x0000000088f00000, 0x0000000088f00000|100%| E|CS|TAMS 0x0000000088e00000, 0x0000000088e00000| Complete 
| 143|0x0000000088f00000, 0x0000000089000000, 0x0000000089000000|100%| E|CS|TAMS 0x0000000088f00000, 0x0000000088f00000| Complete 
| 144|0x0000000089000000, 0x0000000089100000, 0x0000000089100000|100%| E|CS|TAMS 0x0000000089000000, 0x0000000089000000| Complete 
| 145|0x0000000089100000, 0x0000000089200000, 0x0000000089200000|100%| E|CS|TAMS 0x0000000089100000, 0x0000000089100000| Complete 
| 146|0x0000000089200000, 0x0000000089300000, 0x0000000089300000|100%| E|CS|TAMS 0x0000000089200000, 0x0000000089200000| Complete 
| 147|0x0000000089300000, 0x0000000089400000, 0x0000000089400000|100%| E|CS|TAMS 0x0000000089300000, 0x0000000089300000| Complete 
| 148|0x0000000089400000, 0x0000000089500000, 0x0000000089500000|100%| E|CS|TAMS 0x0000000089400000, 0x0000000089400000| Complete 
| 149|0x0000000089500000, 0x0000000089600000, 0x0000000089600000|100%| E|CS|TAMS 0x0000000089500000, 0x0000000089500000| Complete 
| 150|0x0000000089600000, 0x0000000089700000, 0x0000000089700000|100%| E|CS|TAMS 0x0000000089600000, 0x0000000089600000| Complete 
| 151|0x0000000089700000, 0x0000000089800000, 0x0000000089800000|100%| E|CS|TAMS 0x0000000089700000, 0x0000000089700000| Complete 
| 152|0x0000000089800000, 0x0000000089900000, 0x0000000089900000|100%| E|CS|TAMS 0x0000000089800000, 0x0000000089800000| Complete 
| 153|0x0000000089900000, 0x0000000089a00000, 0x0000000089a00000|100%| E|CS|TAMS 0x0000000089900000, 0x0000000089900000| Complete 

Card table byte_map: [0x000001dd21330000,0x000001dd21730000] _byte_map_base: 0x000001dd20f30000

Marking Bits (Prev, Next): (CMBitMap*) 0x000001dd0e120158, (CMBitMap*) 0x000001dd0e120190
 Prev Bits: [0x000001dd21b30000, 0x000001dd23b30000)
 Next Bits: [0x000001dd23b30000, 0x000001dd25b30000)

Polling page: 0x000001dd0c290000

Metaspace:

Usage:
  Non-class:     47.42 MB capacity,    46.55 MB ( 98%) used,   743.31 KB (  2%) free+waste,   141.69 KB ( <1%) overhead. 
      Class:      7.31 MB capacity,     6.80 MB ( 93%) used,   453.88 KB (  6%) free+waste,    67.44 KB ( <1%) overhead. 
       Both:     54.73 MB capacity,    53.35 MB ( 97%) used,     1.17 MB (  2%) free+waste,   209.13 KB ( <1%) overhead. 

Virtual space:
  Non-class space:       48.00 MB reserved,      47.58 MB (>99%) committed 
      Class space:        1.00 GB reserved,       7.32 MB ( <1%) committed 
             Both:        1.05 GB reserved,      54.90 MB (  5%) committed 

Chunk freelists:
   Non-Class:  35.00 KB
       Class:  6.00 KB
        Both:  41.00 KB

MaxMetaspaceSize: 17179869184.00 GB
CompressedClassSpaceSize: 1.00 GB
Initial GC threshold: 20.80 MB
Current GC threshold: 59.00 MB
CDS: off

CodeHeap 'non-profiled nmethods': size=120000Kb used=3061Kb max_used=3061Kb free=116938Kb
 bounds [0x000001dd196d0000, 0x000001dd199d0000, 0x000001dd20c00000]
CodeHeap 'profiled nmethods': size=120000Kb used=9969Kb max_used=9969Kb free=110030Kb
 bounds [0x000001dd121a0000, 0x000001dd12b60000, 0x000001dd196d0000]
CodeHeap 'non-nmethods': size=5760Kb used=2321Kb max_used=2371Kb free=3438Kb
 bounds [0x000001dd11c00000, 0x000001dd11e70000, 0x000001dd121a0000]
 total_blobs=5857 nmethods=5026 adapters=743
 compilation: enabled
              stopped_count=0, restarted_count=0
 full_count=0

Compilation events (20 events):
Event: 6.243 Thread 0x000001dd28e65000 nmethod 5034 0x000001dd12b58a10 code [0x000001dd12b58bc0, 0x000001dd12b58ce8]
Event: 6.243 Thread 0x000001dd28e65000 5035       3       sun.security.util.math.intpoly.IntegerPolynomial$MutableElement::setSquare (5 bytes)
Event: 6.243 Thread 0x000001dd28e65000 nmethod 5035 0x000001dd12b58d90 code [0x000001dd12b58f60, 0x000001dd12b591a8]
Event: 6.243 Thread 0x000001dd28e65000 5036       3       sun.security.util.math.intpoly.IntegerPolynomial$MutableElement::setSquare (22 bytes)
Event: 6.243 Thread 0x000001dd28e65000 nmethod 5036 0x000001dd12b59290 code [0x000001dd12b59440, 0x000001dd12b59628]
Event: 6.243 Thread 0x000001dd28e65000 5039       3       sun.security.util.math.intpoly.IntegerPolynomial::conditionalSwap (57 bytes)
Event: 6.243 Thread 0x000001dd28e65000 nmethod 5039 0x000001dd12b59710 code [0x000001dd12b598c0, 0x000001dd12b59ab8]
Event: 6.243 Thread 0x000001dd28e65000 5038       3       sun.security.util.math.intpoly.IntegerPolynomial25519::square (613 bytes)
Event: 6.244 Thread 0x000001dd28e65000 nmethod 5038 0x000001dd12b59c10 code [0x000001dd12b59de0, 0x000001dd12b5a668]
Event: 6.244 Thread 0x000001dd28e65000 5040       3       sun.security.ec.XECOperations::cswap (9 bytes)
Event: 6.244 Thread 0x000001dd28e65000 nmethod 5040 0x000001dd12b5a910 code [0x000001dd12b5aac0, 0x000001dd12b5ac68]
Event: 6.244 Thread 0x000001dd28e65000 5041       3       sun.security.util.math.intpoly.IntegerPolynomial$MutableElement::conditionalSwapWith (38 bytes)
Event: 6.246 Thread 0x000001dd28e65000 nmethod 5041 0x000001dd12b5ad10 code [0x000001dd12b5aee0, 0x000001dd12b5b128]
Event: 6.246 Thread 0x000001dd28e65000 5042       3       java.math.BigInteger::bitLength (140 bytes)
Event: 6.246 Thread 0x000001dd28e65000 nmethod 5042 0x000001dd12b5b210 code [0x000001dd12b5b420, 0x000001dd12b5b958]
Event: 6.246 Thread 0x000001dd28e65000 5044       3       sun.security.util.BitArray::toByteArray (11 bytes)
Event: 6.246 Thread 0x000001dd28e65000 nmethod 5044 0x000001dd12b5bb90 code [0x000001dd12b5bd60, 0x000001dd12b5c008]
Event: 6.248 Thread 0x000001dd28e65000 5046       3       java.util.concurrent.ConcurrentHashMap$Traverser::<init> (36 bytes)
Event: 6.248 Thread 0x000001dd28e65000 nmethod 5046 0x000001dd12b5c110 code [0x000001dd12b5c2c0, 0x000001dd12b5c4b8]
Event: 6.248 Thread 0x000001dd301bd800 5019   !   4       java.util.concurrent.ConcurrentHashMap::putVal (432 bytes)

GC Heap History (14 events):
Event: 0.726 GC heap before
{Heap before GC invocations=0 (full 0):
 garbage-first heap   total 131072K, used 27648K [0x0000000080000000, 0x0000000100000000)
  region size 1024K, 24 young (24576K), 0 survivors (0K)
 Metaspace       used 10247K, capacity 10501K, committed 10624K, reserved 1058816K
  class space    used 1056K, capacity 1139K, committed 1152K, reserved 1048576K
}
Event: 0.731 GC heap after
{Heap after GC invocations=1 (full 0):
 garbage-first heap   total 131072K, used 9542K [0x0000000080000000, 0x0000000100000000)
  region size 1024K, 3 young (3072K), 3 survivors (3072K)
 Metaspace       used 10247K, capacity 10501K, committed 10624K, reserved 1058816K
  class space    used 1056K, capacity 1139K, committed 1152K, reserved 1048576K
}
Event: 2.117 GC heap before
{Heap before GC invocations=1 (full 0):
 garbage-first heap   total 131072K, used 84294K [0x0000000080000000, 0x0000000100000000)
  region size 1024K, 76 young (77824K), 3 survivors (3072K)
 Metaspace       used 17830K, capacity 18271K, committed 18432K, reserved 1064960K
  class space    used 2090K, capacity 2242K, committed 2304K, reserved 1048576K
}
Event: 2.123 GC heap after
{Heap after GC invocations=2 (full 0):
 garbage-first heap   total 131072K, used 16268K [0x0000000080000000, 0x0000000100000000)
  region size 1024K, 10 young (10240K), 10 survivors (10240K)
 Metaspace       used 17830K, capacity 18271K, committed 18432K, reserved 1064960K
  class space    used 2090K, capacity 2242K, committed 2304K, reserved 1048576K
}
Event: 2.378 GC heap before
{Heap before GC invocations=2 (full 0):
 garbage-first heap   total 131072K, used 41868K [0x0000000080000000, 0x0000000100000000)
  region size 1024K, 36 young (36864K), 10 survivors (10240K)
 Metaspace       used 20743K, capacity 21193K, committed 21296K, reserved 1069056K
  class space    used 2529K, capacity 2684K, committed 2688K, reserved 1048576K
}
Event: 2.388 GC heap after
{Heap after GC invocations=3 (full 0):
 garbage-first heap   total 131072K, used 17475K [0x0000000080000000, 0x0000000100000000)
  region size 1024K, 2 young (2048K), 2 survivors (2048K)
 Metaspace       used 20743K, capacity 21193K, committed 21296K, reserved 1069056K
  class space    used 2529K, capacity 2684K, committed 2688K, reserved 1048576K
}
Event: 3.009 GC heap before
{Heap before GC invocations=4 (full 0):
 garbage-first heap   total 131072K, used 75843K [0x0000000080000000, 0x0000000100000000)
  region size 1024K, 59 young (60416K), 2 survivors (2048K)
 Metaspace       used 27227K, capacity 27975K, committed 28080K, reserved 1073152K
  class space    used 3548K, capacity 3810K, committed 3840K, reserved 1048576K
}
Event: 3.013 GC heap after
{Heap after GC invocations=5 (full 0):
 garbage-first heap   total 131072K, used 19333K [0x0000000080000000, 0x0000000100000000)
  region size 1024K, 3 young (3072K), 3 survivors (3072K)
 Metaspace       used 27227K, capacity 27975K, committed 28080K, reserved 1073152K
  class space    used 3548K, capacity 3810K, committed 3840K, reserved 1048576K
}
Event: 3.756 GC heap before
{Heap before GC invocations=5 (full 0):
 garbage-first heap   total 131072K, used 80773K [0x0000000080000000, 0x0000000100000000)
  region size 1024K, 64 young (65536K), 3 survivors (3072K)
 Metaspace       used 35053K, capacity 35840K, committed 35920K, reserved 1081344K
  class space    used 4523K, capacity 4837K, committed 4864K, reserved 1048576K
}
Event: 3.764 GC heap after
{Heap after GC invocations=6 (full 0):
 garbage-first heap   total 131072K, used 22468K [0x0000000080000000, 0x0000000100000000)
  region size 1024K, 7 young (7168K), 7 survivors (7168K)
 Metaspace       used 35053K, capacity 35840K, committed 35920K, reserved 1081344K
  class space    used 4523K, capacity 4837K, committed 4864K, reserved 1048576K
}
Event: 4.496 GC heap before
{Heap before GC invocations=7 (full 0):
 garbage-first heap   total 131072K, used 90052K [0x0000000080000000, 0x0000000100000000)
  region size 1024K, 71 young (72704K), 7 survivors (7168K)
 Metaspace       used 41115K, capacity 42127K, committed 42396K, reserved 1085440K
  class space    used 5235K, capacity 5628K, committed 5708K, reserved 1048576K
}
Event: 4.507 GC heap after
{Heap after GC invocations=8 (full 0):
 garbage-first heap   total 131072K, used 29144K [0x0000000080000000, 0x0000000100000000)
  region size 1024K, 9 young (9216K), 9 survivors (9216K)
 Metaspace       used 41115K, capacity 42127K, committed 42396K, reserved 1085440K
  class space    used 5235K, capacity 5628K, committed 5708K, reserved 1048576K
}
Event: 5.133 GC heap before
{Heap before GC invocations=8 (full 0):
 garbage-first heap   total 131072K, used 92632K [0x0000000080000000, 0x0000000100000000)
  region size 1024K, 71 young (72704K), 9 survivors (9216K)
 Metaspace       used 46738K, capacity 47873K, committed 48028K, reserved 1091584K
  class space    used 5966K, capacity 6404K, committed 6476K, reserved 1048576K
}
Event: 5.141 GC heap after
{Heap after GC invocations=9 (full 0):
 garbage-first heap   total 157696K, used 31362K [0x0000000080000000, 0x0000000100000000)
  region size 1024K, 4 young (4096K), 4 survivors (4096K)
 Metaspace       used 46738K, capacity 47873K, committed 48028K, reserved 1091584K
  class space    used 5966K, capacity 6404K, committed 6476K, reserved 1048576K
}

Deoptimization events (20 events):
Event: 6.077 Thread 0x000001dd2ac3d800 Uncommon trap: trap_request=0xffffff4d fr.pc=0x000001dd199243b0 relative=0x00000000000001f0
Event: 6.077 Thread 0x000001dd2ac3d800 Uncommon trap: reason=unstable_if action=reinterpret pc=0x000001dd199243b0 method=sun.net.www.ParseUtil.encodePath(Ljava/lang/String;Z)Ljava/lang/String; @ 1 c2
Event: 6.077 Thread 0x000001dd2ac3d800 DEOPT PACKING pc=0x000001dd199243b0 sp=0x00000022b67f7610
Event: 6.077 Thread 0x000001dd2ac3d800 DEOPT UNPACKING pc=0x000001dd11c4a1af sp=0x00000022b67f75b8 mode 2
Event: 6.176 Thread 0x000001dd2ac3d800 Uncommon trap: trap_request=0xffffffde fr.pc=0x000001dd1988e484 relative=0x00000000000001a4
Event: 6.176 Thread 0x000001dd2ac3d800 Uncommon trap: reason=class_check action=maybe_recompile pc=0x000001dd1988e484 method=java.io.BufferedInputStream.read1([BII)I @ 39 c2
Event: 6.176 Thread 0x000001dd2ac3d800 DEOPT PACKING pc=0x000001dd1988e484 sp=0x00000022b67f5c80
Event: 6.176 Thread 0x000001dd2ac3d800 DEOPT UNPACKING pc=0x000001dd11c4a1af sp=0x00000022b67f5c28 mode 2
Event: 6.181 Thread 0x000001dd2ac3d800 Uncommon trap: trap_request=0xffffff4d fr.pc=0x000001dd1999565c relative=0x00000000000002fc
Event: 6.181 Thread 0x000001dd2ac3d800 Uncommon trap: reason=unstable_if action=reinterpret pc=0x000001dd1999565c method=java.util.regex.Pattern$SliceI.match(Ljava/util/regex/Matcher;ILjava/lang/CharSequence;)Z @ 29 c2
Event: 6.181 Thread 0x000001dd2ac3d800 DEOPT PACKING pc=0x000001dd1999565c sp=0x00000022b67f7120
Event: 6.181 Thread 0x000001dd2ac3d800 DEOPT UNPACKING pc=0x000001dd11c4a1af sp=0x00000022b67f70b8 mode 2
Event: 6.183 Thread 0x000001dd2ac3d800 Uncommon trap: trap_request=0xffffffcc fr.pc=0x000001dd199bf26c relative=0x000000000000492c
Event: 6.183 Thread 0x000001dd2ac3d800 Uncommon trap: reason=intrinsic_or_type_checked_inlining action=make_not_entrant pc=0x000001dd199bf26c method=java.util.ArrayList$SubList.toArray([Ljava/lang/Object;)[Ljava/lang/Object; @ 58 c2
Event: 6.183 Thread 0x000001dd2ac3d800 DEOPT PACKING pc=0x000001dd199bf26c sp=0x00000022b67f6e00
Event: 6.183 Thread 0x000001dd2ac3d800 DEOPT UNPACKING pc=0x000001dd11c4a1af sp=0x00000022b67f6d88 mode 2
Event: 6.204 Thread 0x000001dd2ac3d800 Uncommon trap: trap_request=0xffffffcc fr.pc=0x000001dd199a52e4 relative=0x0000000000002aa4
Event: 6.205 Thread 0x000001dd2ac3d800 Uncommon trap: reason=intrinsic_or_type_checked_inlining action=make_not_entrant pc=0x000001dd199a52e4 method=java.util.ArrayList$SubList.toArray([Ljava/lang/Object;)[Ljava/lang/Object; @ 58 c2
Event: 6.205 Thread 0x000001dd2ac3d800 DEOPT PACKING pc=0x000001dd199a52e4 sp=0x00000022b67f6f20
Event: 6.205 Thread 0x000001dd2ac3d800 DEOPT UNPACKING pc=0x000001dd11c4a1af sp=0x00000022b67f6ea0 mode 2

Classes redefined (0 events):
No events

Internal exceptions (20 events):
Event: 4.957 Thread 0x000001dd2ac3d800 Exception <a 'java/lang/ClassNotFoundException'{0x000000008561f9f8}: org/gradle/api/internal/project/ProjectScriptCustomizer> (0x000000008561f9f8) thrown at [./src/hotspot/share/classfile/systemDictionary.cpp, line 231]
Event: 4.958 Thread 0x000001dd2ac3d800 Exception <a 'java/lang/ClassNotFoundException'{0x000000008563bd50}: build_1y557a9hiy8sfrxy24h83fcobCustomizer> (0x000000008563bd50) thrown at [./src/hotspot/share/classfile/systemDictionary.cpp, line 231]
Event: 4.966 Thread 0x000001dd2ac3d800 Exception <a 'java/lang/ClassNotFoundException'{0x00000000856dd510}: org/gradle/plugin/use/internal/PluginRequestCollector$PluginDependenciesSpecImplBeanInfo> (0x00000000856dd510) thrown at [./src/hotspot/share/classfile/systemDictionary.cpp, line 231]
Event: 4.966 Thread 0x000001dd2ac3d800 Exception <a 'java/lang/ClassNotFoundException'{0x000000008550e578}: org/gradle/plugin/use/internal/PluginRequestCollector$PluginDependenciesSpecImplCustomizer> (0x000000008550e578) thrown at [./src/hotspot/share/classfile/systemDictionary.cpp, line 231]
Event: 4.971 Thread 0x000001dd2ac3d800 Exception <a 'java/lang/ClassNotFoundException'{0x0000000085579f20}: org/gradle/plugin/use/internal/PluginRequestCollector$PluginDependencySpecImplBeanInfo> (0x0000000085579f20) thrown at [./src/hotspot/share/classfile/systemDictionary.cpp, line 231]
Event: 4.972 Thread 0x000001dd2ac3d800 Exception <a 'java/lang/ClassNotFoundException'{0x00000000855a9f30}: org/gradle/plugin/use/internal/PluginRequestCollector$PluginDependencySpecImplCustomizer> (0x00000000855a9f30) thrown at [./src/hotspot/share/classfile/systemDictionary.cpp, line 231]
Event: 5.266 Thread 0x000001dd2ac3d800 Exception <a 'java/lang/NoSuchMethodError'{0x0000000088b4bcd0}: 'int java.lang.invoke.DirectMethodHandle$Holder.invokeStaticInit(java.lang.Object)'> (0x0000000088b4bcd0) thrown at [./src/hotspot/share/interpreter/linkResolver.cpp, line 773]
Event: 5.273 Thread 0x000001dd2ac3d800 Exception <a 'java/lang/NoSuchMethodError'{0x0000000088bfca38}: 'java.lang.Object java.lang.invoke.DirectMethodHandle$Holder.invokeStatic(java.lang.Object, java.lang.Object, java.lang.Object, java.lang.Object, java.lang.Object, int)'> (0x0000000088bfca38) thrown at [./src/hotspot/share/interpreter/linkResolver.cpp, line 773]
Event: 5.273 Thread 0x000001dd2ac3d800 Exception <a 'java/lang/NoSuchMethodError'{0x0000000088a01b68}: 'java.lang.Object java.lang.invoke.DirectMethodHandle$Holder.invokeSpecial(java.lang.Object, java.lang.Object, java.lang.Object, java.lang.Object, java.lang.Object, java.lang.Object, int)'> (0x0000000088a01b68) thrown at [./src/hotspot/share/interpreter/linkResolver.cpp, line 773]
Event: 5.285 Thread 0x000001dd2ac3d800 Exception <a 'java/lang/NoSuchMethodError'{0x0000000088964f18}: 'void java.lang.invoke.DirectMethodHandle$Holder.invokeStatic(java.lang.Object, java.lang.Object, java.lang.Object, int, java.lang.Object)'> (0x0000000088964f18) thrown at [./src/hotspot/share/interpreter/linkResolver.cpp, line 773]
Event: 5.354 Thread 0x000001dd2ac3d800 Exception <a 'java/lang/NoSuchMethodError'{0x00000000883ccfa0}: 'java.lang.Object java.lang.invoke.DelegatingMethodHandle$Holder.reinvoke_L(java.lang.Object, java.lang.Object, java.lang.Object, java.lang.Object, java.lang.Object, java.lang.Object, java.lang.Object, java.lang.Object, java.lang.Object, java.lang.Object, java.lang.Object, java.lang.Object, java.lang.Object, java.lang.Object, java.lang.Object, java.lang.Object, java.lang.Object, java.lang.Object, java.lang.Object, java.lang.Object, java.lang.O
Event: 5.354 Thread 0x000001dd2ac3d800 Exception <a 'java/lang/NoSuchMethodError'{0x00000000883d8c00}: 'java.lang.Object java.lang.invoke.Invokers$Holder.invoker(java.lang.Object, java.lang.Object, java.lang.Object, java.lang.Object, java.lang.Object, java.lang.Object, java.lang.Object, java.lang.Object, java.lang.Object, java.lang.Object, java.lang.Object, java.lang.Object, java.lang.Object, java.lang.Object, java.lang.Object, java.lang.Object, java.lang.Object, java.lang.Object, java.lang.Object, java.lang.Object, java.lang.Object)'> (0x00000
Event: 5.354 Thread 0x000001dd2ac3d800 Exception <a 'java/lang/NoSuchMethodError'{0x00000000883dff70}: 'java.lang.Object java.lang.invoke.DelegatingMethodHandle$Holder.delegate(java.lang.Object, java.lang.Object, java.lang.Object, java.lang.Object, java.lang.Object, java.lang.Object, java.lang.Object, java.lang.Object, java.lang.Object, java.lang.Object, java.lang.Object, java.lang.Object, java.lang.Object, java.lang.Object, java.lang.Object, java.lang.Object, java.lang.Object, java.lang.Object, java.lang.Object, java.lang.Object, java.lang.Obj
Event: 5.359 Thread 0x000001dd2ac3d800 Exception <a 'java/lang/NoSuchMethodError'{0x00000000882296f0}: 'java.lang.Object java.lang.invoke.DirectMethodHandle$Holder.invokeStatic(java.lang.Object, java.lang.Object, java.lang.Object, java.lang.Object, java.lang.Object, java.lang.Object, java.lang.Object, java.lang.Object, java.lang.Object, java.lang.Object, java.lang.Object, java.lang.Object, java.lang.Object, java.lang.Object, java.lang.Object)'> (0x00000000882296f0) thrown at [./src/hotspot/share/interpreter/linkResolver.cpp, line 773]
Event: 5.360 Thread 0x000001dd2ac3d800 Exception <a 'java/lang/NoSuchMethodError'{0x0000000088239fd0}: 'java.lang.Object java.lang.invoke.DirectMethodHandle$Holder.invokeStatic(java.lang.Object, java.lang.Object, java.lang.Object, java.lang.Object, java.lang.Object, java.lang.Object, java.lang.Object, java.lang.Object, java.lang.Object, java.lang.Object, java.lang.Object, java.lang.Object, java.lang.Object, java.lang.Object, java.lang.Object, java.lang.Object)'> (0x0000000088239fd0) thrown at [./src/hotspot/share/interpreter/linkResolver.cpp, l
Event: 5.360 Thread 0x000001dd2ac3d800 Exception <a 'java/lang/NoSuchMethodError'{0x000000008824a7c0}: 'java.lang.Object java.lang.invoke.DelegatingMethodHandle$Holder.reinvoke_L(java.lang.Object, java.lang.Object, java.lang.Object, java.lang.Object, java.lang.Object, java.lang.Object, java.lang.Object, java.lang.Object, java.lang.Object, java.lang.Object, java.lang.Object, java.lang.Object, java.lang.Object, java.lang.Object, java.lang.Object, java.lang.Object, java.lang.Object, java.lang.Object, java.lang.Object, java.lang.Object)'> (0x000000
Event: 5.412 Thread 0x000001dd2ac3d800 Exception <a 'java/lang/NoSuchMethodError'{0x0000000087e68938}: 'java.lang.Object java.lang.invoke.Invokers$Holder.linkToTargetMethod(java.lang.Object, int, java.lang.Object)'> (0x0000000087e68938) thrown at [./src/hotspot/share/interpreter/linkResolver.cpp, line 773]
Event: 5.683 Thread 0x000001dd2ac3d800 Implicit null exception at 0x000001dd19706b74 to 0x000001dd19707094
Event: 5.748 Thread 0x000001dd2ac3d800 Exception <a 'sun/nio/fs/WindowsException'{0x000000008703a038}> (0x000000008703a038) thrown at [./src/hotspot/share/prims/jni.cpp, line 616]
Event: 5.753 Thread 0x000001dd2ac3d800 Implicit null exception at 0x000001dd1981e880 to 0x000001dd198230a8

Events (20 events):
Event: 6.245 loading class java/security/KeyPair done
Event: 6.246 loading class java/security/interfaces/XECPublicKey
Event: 6.246 loading class java/security/interfaces/XECKey
Event: 6.246 loading class java/security/interfaces/XECKey done
Event: 6.246 loading class java/security/interfaces/XECPublicKey done
Event: 6.246 loading class java/security/interfaces/XECPrivateKey
Event: 6.247 loading class java/security/interfaces/XECPrivateKey done
Event: 6.247 loading class sun/security/pkcs/PKCS8Key
Event: 6.247 loading class sun/security/pkcs/PKCS8Key done
Event: 6.247 loading class sun/security/ssl/KeyShareExtension$KeyShareEntry
Event: 6.247 loading class sun/security/ssl/KeyShareExtension$KeyShareEntry done
Event: 6.247 loading class sun/security/ssl/XDHKeyExchange$1
Event: 6.247 loading class sun/security/ssl/XDHKeyExchange$1 done
Event: 6.247 loading class sun/security/ssl/KeyShareExtension$CHKeyShareSpec
Event: 6.247 loading class sun/security/ssl/KeyShareExtension$CHKeyShareSpec done
Event: 6.248 loading class sun/security/ssl/OutputRecord$T13PaddingHolder
Event: 6.248 loading class sun/security/ssl/OutputRecord$T13PaddingHolder done
Event: 6.248 loading class sun/security/ssl/ContentType
Event: 6.248 loading class sun/security/ssl/ContentType done
Event: 6.248 Thread 0x000001dd301bd800 Thread added: 0x000001dd301bd800


Dynamic libraries:
0x00007ff697970000 - 0x00007ff69797a000 	D:\Program Files\Android\Android Studio\jre\bin\java.exe
0x00007ffe0ef50000 - 0x00007ffe0f148000 	C:\Windows\SYSTEM32\ntdll.dll
0x00007ffe0d180000 - 0x00007ffe0d23f000 	C:\Windows\System32\KERNEL32.DLL
0x00007ffe0c920000 - 0x00007ffe0cbf2000 	C:\Windows\System32\KERNELBASE.dll
0x00007ffe0cea0000 - 0x00007ffe0cfa0000 	C:\Windows\System32\ucrtbase.dll
0x00007ffde7a50000 - 0x00007ffde7a69000 	D:\Program Files\Android\Android Studio\jre\bin\jli.dll
0x00007ffde5a80000 - 0x00007ffde5a97000 	D:\Program Files\Android\Android Studio\jre\bin\VCRUNTIME140.dll
0x00007ffe0d7e0000 - 0x00007ffe0d981000 	C:\Windows\System32\USER32.dll
0x00007ffe0c740000 - 0x00007ffe0c762000 	C:\Windows\System32\win32u.dll
0x00007ffe0d6c0000 - 0x00007ffe0d6eb000 	C:\Windows\System32\GDI32.dll
0x00007ffe0c810000 - 0x00007ffe0c91f000 	C:\Windows\System32\gdi32full.dll
0x00007ffdf06e0000 - 0x00007ffdf097a000 	C:\Windows\WinSxS\amd64_microsoft.windows.common-controls_6595b64144ccf1df_6.0.19041.1110_none_60b5254171f9507e\COMCTL32.dll
0x00007ffe0c770000 - 0x00007ffe0c80d000 	C:\Windows\System32\msvcp_win.dll
0x00007ffe0db60000 - 0x00007ffe0dbfe000 	C:\Windows\System32\msvcrt.dll
0x00007ffe0d150000 - 0x00007ffe0d180000 	C:\Windows\System32\IMM32.DLL
0x00007ffdc52a0000 - 0x00007ffdc533d000 	D:\Program Files\Android\Android Studio\jre\bin\msvcp140.dll
0x00007ffdb5940000 - 0x00007ffdb6442000 	D:\Program Files\Android\Android Studio\jre\bin\server\jvm.dll
0x00007ffe0d0a0000 - 0x00007ffe0d14e000 	C:\Windows\System32\ADVAPI32.dll
0x00007ffe0cfa0000 - 0x00007ffe0d03c000 	C:\Windows\System32\sechost.dll
0x00007ffe0ec30000 - 0x00007ffe0ed54000 	C:\Windows\System32\RPCRT4.dll
0x00007ffe0d6f0000 - 0x00007ffe0d6f8000 	C:\Windows\System32\PSAPI.DLL
0x00007ffdfa250000 - 0x00007ffdfa259000 	C:\Windows\SYSTEM32\WSOCK32.dll
0x00007ffdfc290000 - 0x00007ffdfc2b7000 	C:\Windows\SYSTEM32\WINMM.dll
0x00007ffe055d0000 - 0x00007ffe055da000 	C:\Windows\SYSTEM32\VERSION.dll
0x00007ffe0d9c0000 - 0x00007ffe0da2b000 	C:\Windows\System32\WS2_32.dll
0x00007ffe0aea0000 - 0x00007ffe0aeb2000 	C:\Windows\SYSTEM32\kernel.appcore.dll
0x00007ffe06c80000 - 0x00007ffe06c91000 	D:\Program Files\Android\Android Studio\jre\bin\verify.dll
0x00007ffe0abb0000 - 0x00007ffe0ad94000 	C:\Windows\SYSTEM32\DBGHELP.DLL
0x00007ffdfd230000 - 0x00007ffdfd265000 	C:\Windows\SYSTEM32\dbgcore.DLL
0x00007ffe0ce10000 - 0x00007ffe0ce92000 	C:\Windows\System32\bcryptPrimitives.dll
0x00007ffe04540000 - 0x00007ffe04569000 	D:\Program Files\Android\Android Studio\jre\bin\java.dll
0x00007ffe09ad0000 - 0x00007ffe09adb000 	D:\Program Files\Android\Android Studio\jre\bin\jimage.dll
0x00007ffe06c60000 - 0x00007ffe06c78000 	D:\Program Files\Android\Android Studio\jre\bin\zip.dll
0x00007ffe0e330000 - 0x00007ffe0ea75000 	C:\Windows\System32\SHELL32.dll
0x00007ffe0a340000 - 0x00007ffe0aad2000 	C:\Windows\SYSTEM32\windows.storage.dll
0x00007ffe0d350000 - 0x00007ffe0d6a5000 	C:\Windows\System32\combase.dll
0x00007ffe0c0b0000 - 0x00007ffe0c0e0000 	C:\Windows\SYSTEM32\Wldp.dll
0x00007ffe0dc00000 - 0x00007ffe0dcad000 	C:\Windows\System32\SHCORE.dll
0x00007ffe0d040000 - 0x00007ffe0d095000 	C:\Windows\System32\shlwapi.dll
0x00007ffe0c590000 - 0x00007ffe0c5af000 	C:\Windows\SYSTEM32\profapi.dll
0x00007ffe050e0000 - 0x00007ffe050fa000 	D:\Program Files\Android\Android Studio\jre\bin\net.dll
0x00007ffe019a0000 - 0x00007ffe01aaa000 	C:\Windows\SYSTEM32\WINHTTP.dll
0x00007ffe0be10000 - 0x00007ffe0be7a000 	C:\Windows\system32\mswsock.dll
0x00007ffe04520000 - 0x00007ffe04534000 	D:\Program Files\Android\Android Studio\jre\bin\nio.dll
0x00007ffddd790000 - 0x00007ffddd7b7000 	C:\Users\free\.gradle\native\68d5fa5c4cc2d200863cafc0d521ce42e7d3e7ee720ec0a83991735586a16f82\windows-amd64\native-platform.dll
0x00007ffdc4520000 - 0x00007ffdc4664000 	C:\Users\free\.gradle\native\e376f236ea51e6404a007f0833ffe2c6e607c4080706a723a18a27aeea778392\windows-amd64\native-platform-file-events.dll
0x00007ffe07f60000 - 0x00007ffe07f6a000 	D:\Program Files\Android\Android Studio\jre\bin\management.dll
0x00007ffe06c20000 - 0x00007ffe06c2d000 	D:\Program Files\Android\Android Studio\jre\bin\management_ext.dll
0x00007ffe0c000000 - 0x00007ffe0c018000 	C:\Windows\SYSTEM32\CRYPTSP.dll
0x00007ffe0b6c0000 - 0x00007ffe0b6f4000 	C:\Windows\system32\rsaenh.dll
0x00007ffe0c6a0000 - 0x00007ffe0c6c7000 	C:\Windows\System32\bcrypt.dll
0x00007ffe0c550000 - 0x00007ffe0c57e000 	C:\Windows\SYSTEM32\USERENV.dll
0x00007ffe0c020000 - 0x00007ffe0c02c000 	C:\Windows\SYSTEM32\CRYPTBASE.dll
0x00007ffe0bab0000 - 0x00007ffe0baeb000 	C:\Windows\SYSTEM32\IPHLPAPI.DLL
0x00007ffe0d9b0000 - 0x00007ffe0d9b8000 	C:\Windows\System32\NSI.dll
0x00007ffe04340000 - 0x00007ffe04357000 	C:\Windows\SYSTEM32\dhcpcsvc6.DLL
0x00007ffe04320000 - 0x00007ffe0433d000 	C:\Windows\SYSTEM32\dhcpcsvc.DLL
0x00007ffe0baf0000 - 0x00007ffe0bbbb000 	C:\Windows\SYSTEM32\DNSAPI.dll
0x00007ffdfbfe0000 - 0x00007ffdfc007000 	D:\Program Files\Android\Android Studio\jre\bin\sunec.dll
0x00007ffe01b60000 - 0x00007ffe01b6a000 	C:\Windows\System32\rasadhlp.dll
0x00007ffdfd620000 - 0x00007ffdfd6a0000 	C:\Windows\System32\fwpuclnt.dll

dbghelp: loaded successfully - version: 4.0.5 - missing functions: none
symbol engine: initialized successfully - sym options: 0x614 - pdb path: .;D:\Program Files\Android\Android Studio\jre\bin;C:\Windows\SYSTEM32;C:\Windows\WinSxS\amd64_microsoft.windows.common-controls_6595b64144ccf1df_6.0.19041.1110_none_60b5254171f9507e;D:\Program Files\Android\Android Studio\jre\bin\server;C:\Users\free\.gradle\native\68d5fa5c4cc2d200863cafc0d521ce42e7d3e7ee720ec0a83991735586a16f82\windows-amd64;C:\Users\free\.gradle\native\e376f236ea51e6404a007f0833ffe2c6e607c4080706a723a18a27aeea778392\windows-amd64

VM Arguments:
jvm_args: --add-opens=java.base/java.util=ALL-UNNAMED --add-opens=java.base/java.lang=ALL-UNNAMED --add-opens=java.base/java.lang.invoke=ALL-UNNAMED --add-opens=java.prefs/java.util.prefs=ALL-UNNAMED --add-opens=java.base/java.nio.charset=ALL-UNNAMED --add-opens=java.base/java.net=ALL-UNNAMED --add-opens=java.base/java.util.concurrent.atomic=ALL-UNNAMED -Xmx2048m -Dfile.encoding=UTF-8 -Duser.country=CN -Duser.language=zh -Duser.variant 
java_command: org.gradle.launcher.daemon.bootstrap.GradleDaemon 7.6
java_class_path (initial): D:\Programs\Java\gradle-7.6\lib\gradle-launcher-7.6.jar
Launcher Type: SUN_STANDARD

[Global flags]
     intx CICompilerCount                          = 4                                         {product} {ergonomic}
     uint ConcGCThreads                            = 2                                         {product} {ergonomic}
     uint G1ConcRefinementThreads                  = 8                                         {product} {ergonomic}
   size_t G1HeapRegionSize                         = 1048576                                   {product} {ergonomic}
    uintx GCDrainStackTargetSize                   = 64                                        {product} {ergonomic}
   size_t InitialHeapSize                          = 134217728                                 {product} {ergonomic}
   size_t MarkStackSize                            = 4194304                                   {product} {ergonomic}
   size_t MaxHeapSize                              = 2147483648                                {product} {command line}
   size_t MaxNewSize                               = 1287651328                                {product} {ergonomic}
   size_t MinHeapDeltaBytes                        = 1048576                                   {product} {ergonomic}
    uintx NonNMethodCodeHeapSize                   = 5836300                                {pd product} {ergonomic}
    uintx NonProfiledCodeHeapSize                  = 122910970                              {pd product} {ergonomic}
    uintx ProfiledCodeHeapSize                     = 122910970                              {pd product} {ergonomic}
    uintx ReservedCodeCacheSize                    = 251658240                              {pd product} {ergonomic}
     bool SegmentedCodeCache                       = true                                      {product} {ergonomic}
     bool UseCompressedClassPointers               = true                                 {lp64_product} {ergonomic}
     bool UseCompressedOops                        = true                                 {lp64_product} {ergonomic}
     bool UseG1GC                                  = true                                      {product} {ergonomic}
     bool UseLargePagesIndividualAllocation        = false                                  {pd product} {ergonomic}

Logging:
Log output configuration:
 #0: stdout all=warning uptime,level,tags
 #1: stderr all=off uptime,level,tags

Environment Variables:
JAVA_HOME=D:\Programs\Java\jdk-19
PATH=C:\Program Files\Common Files\Oracle\Java\javapath;C:\Programs\Python37-32\Scripts\;C:\Programs\Python37-32\;C:\Program Files (x86)\VMware\VMware Workstation\bin\;C:\Program Files (x86)\Intel\Intel(R) Management Engine Components\iCLS\;C:\Program Files\Intel\Intel(R) Management Engine Components\iCLS\;C:\Windows\system32;C:\Windows;C:\Windows\System32\Wbem;C:\Windows\System32\WindowsPowerShell\v1.0\;C:\Windows\System32\OpenSSH\;C:\Programs\nodejs\;C:\ProgramData\chocolatey\bin;D:\Programs\Go\bin;C:\Program Files (x86)\NVIDIA Corporation\PhysX\Common;C:\Program Files (x86)\Intel\Intel(R) Management Engine Components\DAL;C:\Program Files\Intel\Intel(R) Management Engine Components\DAL;C:\Program Files (x86)\Intel\Intel(R) Management Engine Components\IPT;C:\Program Files\Intel\Intel(R) Management Engine Components\IPT;D:\Programs\Git\cmd;D:\Programs\Rust\bin;C:\Program Files\dotnet\;D:\programs\Python\Python3-10-x64\Scripts\;D:\programs\Python\Python3-10-x64\;C:\Program Files\MySQL\MySQL Shell 8.0\bin\;C:\Users\free\AppData\Local\Microsoft\WindowsApps;D:\Programs\ghc-9.2.2\bin;D:\Tools;D:\Programs\mingw64\bin;C:\Users\free\AppData\Roaming\npm;D:\Programs\Java\jdk-19\bin;C:\Users\free\go\bin;D:\programs\MIT-GNU Scheme\bin;D:\phpstudy_pro\Extensions\php\php7.3.4nts;D:\Programs\mysql\bin;D:\Programs\android-sdk\tools;D:\Programs\android-sdk\platform-tools;D:\programs\VSCode-win32-x64-1.69.1\bin;C:\Windows\Microsoft.NET\Microsoft.Net.Compilers.4.2.0\tools;D:\Programs\rust_stable_GNU1.59\bin;c:\users\free\.local\bin;C:\Program Files (x86)\DOSBox-0.74;D:\Programs\lua54;D:\Programs\Java\apache-maven-3.8.4\bin\;D:\Programs\kotlinc\bin;D:\Program Files\JetBrains\IntelliJ IDEA Community Edition 2022.3.1\bin;;D:\Programs\Java\gradle-7.6\bin;D:\programs\enjarify;C:\Users\free\.dotnet\tools;D:\Program Files\JetBrains\PyCharm Community Edition 2022.3.2\bin;
USERNAME=free
OS=Windows_NT
PROCESSOR_IDENTIFIER=Intel64 Family 6 Model 142 Stepping 10, GenuineIntel



---------------  S Y S T E M  ---------------

OS: Windows 10 , 64 bit Build 19041 (10.0.19041.2546)
OS uptime: 4 days 3:52 hours

CPU:total 8 (initial active 8) (4 cores per cpu, 2 threads per core) family 6 model 142 stepping 10 microcode 0xe0, cmov, cx8, fxsr, mmx, sse, sse2, sse3, ssse3, sse4.1, sse4.2, popcnt, avx, avx2, aes, clmul, erms, 3dnowpref, lzcnt, ht, tsc, tscinvbit, bmi1, bmi2, adx, fma

Memory: 4k page, system-wide physical 8074M (1361M free)
TotalPageFile size 14872M (AvailPageFile size 3M)
current process WorkingSet (physical memory assigned to process): 322M, peak: 322M
current process commit charge ("private bytes"): 367M, peak: 367M

vm_info: OpenJDK 64-Bit Server VM (11.0.13+0-b1751.21-8125866) for windows-amd64 JRE (11.0.13+0-b1751.21-8125866), built on Feb  2 2022 03:00:22 by "builder" with MS VC++ 14.0 (VS2015)

END.
